<?xml version="1.0" encoding="UTF-8"?>
<testng-results skipped="0" failed="1" ignored="0" total="1" passed="0">
  <reporter-output>
    <line>
      <![CDATA[[[RemoteWebDriver:  on ANDROID (6514fcfc-104f-43ef-9563-53762094a043)] -> xpath: //android.widget.TextView[@text='Sauce Labs Bike Light']] has been clicked<br>]]>
    </line>
    <line>
      <![CDATA[[[RemoteWebDriver:  on ANDROID (6514fcfc-104f-43ef-9563-53762094a043)] -> xpath: //android.widget.TextView[@text='Sauce Labs Bike Light']] has been clicked<br>]]>
    </line>
    <line>
      <![CDATA[[[RemoteWebDriver:  on ANDROID (6514fcfc-104f-43ef-9563-53762094a043)] -> xpath: //android.view.ViewGroup[@content-desc='cart badge']] has been clicked<br>]]>
    </line>
    <line>
      <![CDATA[Element Not Found : Proxy element for: DefaultElementLocator 'By.xpath: //android.view.ViewGroup[@content-desc='Proceed To Checkout button']'<br>]]>
    </line>
  </reporter-output>
  <suite name="Default suite" duration-ms="81467" started-at="2022-06-24T03:16:47Z" finished-at="2022-06-24T03:18:09Z">
    <groups>
    </groups>
    <test name="Default test" duration-ms="81467" started-at="2022-06-24T03:16:47Z" finished-at="2022-06-24T03:18:09Z">
      <class name="com.appium.mobile.tests.NoSignedUpFlow">
        <test-method status="PASS" signature="setUp()[pri:0, instance:com.appium.mobile.tests.NoSignedUpFlow@29626d54]" name="setUp" is-config="true" duration-ms="17192" started-at="2022-06-24T03:16:47Z" finished-at="2022-06-24T03:17:04Z">
          <reporter-output>
          </reporter-output>
        </test-method> <!-- setUp -->
        <test-method status="FAIL" signature="testNonSignedUpUserFlow()[pri:0, instance:com.appium.mobile.tests.NoSignedUpFlow@29626d54]" name="testNonSignedUpUserFlow" duration-ms="63036" started-at="2022-06-24T03:17:04Z" finished-at="2022-06-24T03:18:08Z">
          <exception class="java.lang.AssertionError">
            <message>
              <![CDATA[null]]>
            </message>
            <full-stacktrace>
              <![CDATA[java.lang.AssertionError: null
at org.testng.Assert.fail(Assert.java:96)
at org.testng.Assert.fail(Assert.java:103)
at com.appium.mobile.common.CommonActions.click(CommonActions.java:18)
at com.appium.mobile.objects.CheckoutPage.clickProceedToCheckout(CheckoutPage.java:20)
at com.appium.mobile.tests.NoSignedUpFlow.testNonSignedUpUserFlow(NoSignedUpFlow.java:14)
at sun.reflect.NativeMethodAccessorImpl.invoke0(Native Method)
at sun.reflect.NativeMethodAccessorImpl.invoke(NativeMethodAccessorImpl.java:62)
at sun.reflect.DelegatingMethodAccessorImpl.invoke(DelegatingMethodAccessorImpl.java:43)
at java.lang.reflect.Method.invoke(Method.java:498)
at org.testng.internal.MethodInvocationHelper.invokeMethod(MethodInvocationHelper.java:124)
at org.testng.internal.Invoker.invokeMethod(Invoker.java:583)
at org.testng.internal.Invoker.invokeTestMethod(Invoker.java:719)
at org.testng.internal.Invoker.invokeTestMethods(Invoker.java:989)
at org.testng.internal.TestMethodWorker.invokeTestMethods(TestMethodWorker.java:125)
at org.testng.internal.TestMethodWorker.run(TestMethodWorker.java:109)
at org.testng.TestRunner.privateRun(TestRunner.java:648)
at org.testng.TestRunner.run(TestRunner.java:505)
at org.testng.SuiteRunner.runTest(SuiteRunner.java:455)
at org.testng.SuiteRunner.runSequentially(SuiteRunner.java:450)
at org.testng.SuiteRunner.privateRun(SuiteRunner.java:415)
at org.testng.SuiteRunner.run(SuiteRunner.java:364)
at org.testng.SuiteRunnerWorker.runSuite(SuiteRunnerWorker.java:52)
at org.testng.SuiteRunnerWorker.run(SuiteRunnerWorker.java:84)
at org.testng.TestNG.runSuitesSequentially(TestNG.java:1208)
at org.testng.TestNG.runSuitesLocally(TestNG.java:1137)
at org.testng.TestNG.runSuites(TestNG.java:1049)
at org.testng.TestNG.run(TestNG.java:1017)
at org.testng.remote.AbstractRemoteTestNG.run(AbstractRemoteTestNG.java:115)
at org.testng.remote.RemoteTestNG.initAndRun(RemoteTestNG.java:251)
at org.testng.remote.RemoteTestNG.main(RemoteTestNG.java:77)
]]>
            </full-stacktrace>
          </exception> <!-- java.lang.AssertionError -->
          <reporter-output>
            <line>
              <![CDATA[[[RemoteWebDriver:  on ANDROID (6514fcfc-104f-43ef-9563-53762094a043)] -> xpath: //android.widget.TextView[@text='Sauce Labs Bike Light']] has been clicked<br>]]>
            </line>
            <line>
              <![CDATA[[[RemoteWebDriver:  on ANDROID (6514fcfc-104f-43ef-9563-53762094a043)] -> xpath: //android.widget.TextView[@text='Sauce Labs Bike Light']] has been clicked<br>]]>
            </line>
            <line>
              <![CDATA[[[RemoteWebDriver:  on ANDROID (6514fcfc-104f-43ef-9563-53762094a043)] -> xpath: //android.view.ViewGroup[@content-desc='cart badge']] has been clicked<br>]]>
            </line>
            <line>
              <![CDATA[Element Not Found : Proxy element for: DefaultElementLocator 'By.xpath: //android.view.ViewGroup[@content-desc='Proceed To Checkout button']'<br>]]>
            </line>
          </reporter-output>
        </test-method> <!-- testNonSignedUpUserFlow -->
        <test-method status="PASS" signature="quit()[pri:0, instance:com.appium.mobile.tests.NoSignedUpFlow@29626d54]" name="quit" is-config="true" duration-ms="1211" started-at="2022-06-24T03:18:08Z" finished-at="2022-06-24T03:18:09Z">
          <reporter-output>
          </reporter-output>
        </test-method> <!-- quit -->
      </class> <!-- com.appium.mobile.tests.NoSignedUpFlow -->
    </test> <!-- Default test -->
  </suite> <!-- Default suite -->
</testng-results>
